<?xml version="1.0" encoding="UTF-8" standalone="yes"?><!DOCTYPE report PUBLIC "-//JACOCO//DTD Report 1.0//EN" "report.dtd"><report name="PhonyList"><sessioninfo id="pion.educ.insa-525c08bb" start="1413387652887" dump="1413387658211"/><package name="system"><class name="system/PhonyList"><method name="&lt;init&gt;" desc="()V" line="102"><counter type="INSTRUCTION" missed="0" covered="6"/><counter type="LINE" missed="0" covered="3"/><counter type="COMPLEXITY" missed="0" covered="1"/><counter type="METHOD" missed="0" covered="1"/></method><method name="ensureCapacityInternal" desc="(I)V" line="107"><counter type="INSTRUCTION" missed="0" covered="12"/><counter type="BRANCH" missed="0" covered="2"/><counter type="LINE" missed="0" covered="4"/><counter type="COMPLEXITY" missed="0" covered="2"/><counter type="METHOD" missed="0" covered="1"/></method><method name="ensureExplicitCapacity" desc="(I)V" line="115"><counter type="INSTRUCTION" missed="0" covered="16"/><counter type="BRANCH" missed="0" covered="2"/><counter type="LINE" missed="0" covered="4"/><counter type="COMPLEXITY" missed="0" covered="2"/><counter type="METHOD" missed="0" covered="1"/></method><method name="grow" desc="(I)V" line="138"><counter type="INSTRUCTION" missed="3" covered="27"/><counter type="BRANCH" missed="1" covered="3"/><counter type="LINE" missed="1" covered="7"/><counter type="COMPLEXITY" missed="1" covered="2"/><counter type="METHOD" missed="0" covered="1"/></method><method name="hugeCapacity" desc="(I)I" line="149"><counter type="INSTRUCTION" missed="13" covered="0"/><counter type="BRANCH" missed="4" covered="0"/><counter type="LINE" missed="3" covered="0"/><counter type="COMPLEXITY" missed="3" covered="0"/><counter type="METHOD" missed="1" covered="0"/></method><method name="size" desc="()I" line="161"><counter type="INSTRUCTION" missed="0" covered="3"/><counter type="LINE" missed="0" covered="1"/><counter type="COMPLEXITY" missed="0" covered="1"/><counter type="METHOD" missed="0" covered="1"/></method><method name="isEmpty" desc="()Z" line="170"><counter type="INSTRUCTION" missed="0" covered="7"/><counter type="BRANCH" missed="0" covered="2"/><counter type="LINE" missed="0" covered="1"/><counter type="COMPLEXITY" missed="0" covered="2"/><counter type="METHOD" missed="0" covered="1"/></method><method name="contains" desc="(Ljava/lang/Object;)Z" line="184"><counter type="INSTRUCTION" missed="0" covered="8"/><counter type="BRANCH" missed="0" covered="2"/><counter type="LINE" missed="0" covered="1"/><counter type="COMPLEXITY" missed="0" covered="2"/><counter type="METHOD" missed="0" covered="1"/></method><method name="indexOf" desc="(Ljava/lang/Object;)I" line="195"><counter type="INSTRUCTION" missed="1" covered="36"/><counter type="BRANCH" missed="1" covered="9"/><counter type="LINE" missed="0" covered="8"/><counter type="COMPLEXITY" missed="1" covered="5"/><counter type="METHOD" missed="0" covered="1"/></method><method name="elementData" desc="(I)Ljava/lang/Object;" line="211"><counter type="INSTRUCTION" missed="0" covered="5"/><counter type="LINE" missed="0" covered="1"/><counter type="COMPLEXITY" missed="0" covered="1"/><counter type="METHOD" missed="0" covered="1"/></method><method name="get" desc="(I)Ljava/lang/Object;" line="224"><counter type="INSTRUCTION" missed="0" covered="7"/><counter type="LINE" missed="0" covered="2"/><counter type="COMPLEXITY" missed="0" covered="1"/><counter type="METHOD" missed="0" covered="1"/></method><method name="set" desc="(ILjava/lang/Object;)Ljava/lang/Object;" line="242"><counter type="INSTRUCTION" missed="15" covered="0"/><counter type="LINE" missed="4" covered="0"/><counter type="COMPLEXITY" missed="1" covered="0"/><counter type="METHOD" missed="1" covered="0"/></method><method name="add" desc="(Ljava/lang/Object;)Z" line="257"><counter type="INSTRUCTION" missed="0" covered="19"/><counter type="LINE" missed="0" covered="3"/><counter type="COMPLEXITY" missed="0" covered="1"/><counter type="METHOD" missed="0" covered="1"/></method><method name="remove" desc="(Ljava/lang/Object;)Z" line="277"><counter type="INSTRUCTION" missed="0" covered="48"/><counter type="BRANCH" missed="0" covered="10"/><counter type="LINE" missed="0" covered="14"/><counter type="COMPLEXITY" missed="0" covered="6"/><counter type="METHOD" missed="0" covered="1"/></method><method name="fastRemove" desc="(I)V" line="302"><counter type="INSTRUCTION" missed="0" covered="37"/><counter type="BRANCH" missed="0" covered="2"/><counter type="LINE" missed="0" covered="6"/><counter type="COMPLEXITY" missed="0" covered="2"/><counter type="METHOD" missed="0" covered="1"/></method><method name="clear" desc="()V" line="315"><counter type="INSTRUCTION" missed="0" covered="23"/><counter type="BRANCH" missed="0" covered="2"/><counter type="LINE" missed="0" covered="5"/><counter type="COMPLEXITY" missed="0" covered="2"/><counter type="METHOD" missed="0" covered="1"/></method><method name="addAll" desc="(ILjava/util/Collection;)Z" line="342"><counter type="INSTRUCTION" missed="14" covered="52"/><counter type="BRANCH" missed="3" covered="3"/><counter type="LINE" missed="2" covered="10"/><counter type="COMPLEXITY" missed="2" covered="2"/><counter type="METHOD" missed="0" covered="1"/></method><method name="removeRange" desc="(II)V" line="377"><counter type="INSTRUCTION" missed="43" covered="0"/><counter type="BRANCH" missed="2" covered="0"/><counter type="LINE" missed="8" covered="0"/><counter type="COMPLEXITY" missed="2" covered="0"/><counter type="METHOD" missed="1" covered="0"/></method><method name="rangeCheck" desc="(I)V" line="397"><counter type="INSTRUCTION" missed="0" covered="12"/><counter type="BRANCH" missed="0" covered="2"/><counter type="LINE" missed="0" covered="3"/><counter type="COMPLEXITY" missed="0" covered="2"/><counter type="METHOD" missed="0" covered="1"/></method><method name="rangeCheckForAdd" desc="(I)V" line="405"><counter type="INSTRUCTION" missed="0" covered="14"/><counter type="BRANCH" missed="1" covered="3"/><counter type="LINE" missed="0" covered="3"/><counter type="COMPLEXITY" missed="1" covered="2"/><counter type="METHOD" missed="0" covered="1"/></method><method name="outOfBoundsMsg" desc="(I)Ljava/lang/String;" line="415"><counter type="INSTRUCTION" missed="0" covered="14"/><counter type="LINE" missed="0" covered="1"/><counter type="COMPLEXITY" missed="0" covered="1"/><counter type="METHOD" missed="0" covered="1"/></method><method name="removeAll" desc="(Ljava/util/Collection;)Z" line="437"><counter type="INSTRUCTION" missed="0" covered="5"/><counter type="LINE" missed="0" covered="1"/><counter type="COMPLEXITY" missed="0" covered="1"/><counter type="METHOD" missed="0" covered="1"/></method><method name="batchRemove" desc="(Ljava/util/Collection;Z)Z" line="441"><counter type="INSTRUCTION" missed="76" covered="59"/><counter type="BRANCH" missed="9" covered="7"/><counter type="LINE" missed="3" covered="13"/><counter type="COMPLEXITY" missed="6" covered="3"/><counter type="METHOD" missed="0" covered="1"/></method><method name="&lt;clinit&gt;" desc="()V" line="81"><counter type="INSTRUCTION" missed="0" covered="4"/><counter type="LINE" missed="0" covered="1"/><counter type="COMPLEXITY" missed="0" covered="1"/><counter type="METHOD" missed="0" covered="1"/></method><counter type="INSTRUCTION" missed="165" covered="414"/><counter type="BRANCH" missed="21" covered="49"/><counter type="LINE" missed="21" covered="92"/><counter type="COMPLEXITY" missed="17" covered="42"/><counter type="METHOD" missed="3" covered="21"/><counter type="CLASS" missed="0" covered="1"/></class><sourcefile name="PhonyList.java"><line nr="81" mi="0" ci="4" mb="0" cb="0"/><line nr="102" mi="0" ci="2" mb="0" cb="0"/><line nr="103" mi="0" ci="3" mb="0" cb="0"/><line nr="104" mi="0" ci="1" mb="0" cb="0"/><line nr="107" mi="0" ci="4" mb="0" cb="2"/><line nr="108" mi="0" ci="4" mb="0" cb="0"/><line nr="111" mi="0" ci="3" mb="0" cb="0"/><line nr="112" mi="0" ci="1" mb="0" cb="0"/><line nr="115" mi="0" ci="6" mb="0" cb="0"/><line nr="118" mi="0" ci="6" mb="0" cb="2"/><line nr="119" mi="0" ci="3" mb="0" cb="0"/><line nr="120" mi="0" ci="1" mb="0" cb="0"/><line nr="138" mi="0" ci="4" mb="0" cb="0"/><line nr="139" mi="0" ci="6" mb="0" cb="0"/><line nr="140" mi="0" ci="4" mb="0" cb="2"/><line nr="141" mi="0" ci="2" mb="0" cb="0"/><line nr="142" mi="0" ci="4" mb="1" cb="1"/><line nr="143" mi="3" ci="0" mb="0" cb="0"/><line nr="145" mi="0" ci="6" mb="0" cb="0"/><line nr="146" mi="0" ci="1" mb="0" cb="0"/><line nr="149" mi="2" ci="0" mb="2" cb="0"/><line nr="150" mi="4" ci="0" mb="0" cb="0"/><line nr="151" mi="7" ci="0" mb="2" cb="0"/><line nr="161" mi="0" ci="3" mb="0" cb="0"/><line nr="170" mi="0" ci="7" mb="0" cb="2"/><line nr="184" mi="0" ci="8" mb="0" cb="2"/><line nr="195" mi="0" ci="2" mb="0" cb="2"/><line nr="196" mi="1" ci="8" mb="1" cb="1"/><line nr="197" mi="0" ci="5" mb="0" cb="2"/><line nr="198" mi="0" ci="2" mb="0" cb="0"/><line nr="200" mi="0" ci="8" mb="0" cb="2"/><line nr="201" mi="0" ci="7" mb="0" cb="2"/><line nr="202" mi="0" ci="2" mb="0" cb="0"/><line nr="204" mi="0" ci="2" mb="0" cb="0"/><line nr="211" mi="0" ci="5" mb="0" cb="0"/><line nr="224" mi="0" ci="3" mb="0" cb="0"/><line nr="226" mi="0" ci="4" mb="0" cb="0"/><line nr="242" mi="3" ci="0" mb="0" cb="0"/><line nr="244" mi="4" ci="0" mb="0" cb="0"/><line nr="245" mi="6" ci="0" mb="0" cb="0"/><line nr="246" mi="2" ci="0" mb="0" cb="0"/><line nr="257" mi="0" ci="6" mb="0" cb="0"/><line nr="258" mi="0" ci="11" mb="0" cb="0"/><line nr="259" mi="0" ci="2" mb="0" cb="0"/><line nr="277" mi="0" ci="2" mb="0" cb="0"/><line nr="278" mi="0" ci="2" mb="0" cb="2"/><line nr="279" mi="0" ci="8" mb="0" cb="2"/><line nr="280" mi="0" ci="5" mb="0" cb="2"/><line nr="281" mi="0" ci="3" mb="0" cb="0"/><line nr="282" mi="0" ci="2" mb="0" cb="0"/><line nr="283" mi="0" ci="1" mb="0" cb="0"/><line nr="285" mi="0" ci="2" mb="0" cb="0"/><line nr="287" mi="0" ci="8" mb="0" cb="2"/><line nr="288" mi="0" ci="7" mb="0" cb="2"/><line nr="289" mi="0" ci="3" mb="0" cb="0"/><line nr="290" mi="0" ci="2" mb="0" cb="0"/><line nr="291" mi="0" ci="1" mb="0" cb="0"/><line nr="293" mi="0" ci="2" mb="0" cb="0"/><line nr="302" mi="0" ci="6" mb="0" cb="0"/><line nr="303" mi="0" ci="7" mb="0" cb="0"/><line nr="304" mi="0" ci="2" mb="0" cb="2"/><line nr="305" mi="0" ci="10" mb="0" cb="0"/><line nr="307" mi="0" ci="11" mb="0" cb="0"/><line nr="308" mi="0" ci="1" mb="0" cb="0"/><line nr="315" mi="0" ci="6" mb="0" cb="0"/><line nr="317" mi="0" ci="8" mb="0" cb="2"/><line nr="318" mi="0" ci="5" mb="0" cb="0"/><line nr="320" mi="0" ci="3" mb="0" cb="0"/><line nr="321" mi="0" ci="1" mb="0" cb="0"/><line nr="342" mi="0" ci="3" mb="0" cb="0"/><line nr="344" mi="0" ci="3" mb="0" cb="0"/><line nr="345" mi="0" ci="3" mb="0" cb="0"/><line nr="346" mi="0" ci="6" mb="0" cb="0"/><line nr="348" mi="0" ci="5" mb="0" cb="0"/><line nr="349" mi="0" ci="2" mb="1" cb="1"/><line nr="350" mi="0" ci="11" mb="0" cb="0"/><line nr="352" mi="4" ci="0" mb="2" cb="0"/><line nr="353" mi="10" ci="0" mb="0" cb="0"/><line nr="357" mi="0" ci="7" mb="0" cb="0"/><line nr="358" mi="0" ci="6" mb="0" cb="0"/><line nr="359" mi="0" ci="6" mb="0" cb="2"/><line nr="377" mi="6" ci="0" mb="0" cb="0"/><line nr="378" mi="5" ci="0" mb="0" cb="0"/><line nr="380" mi="8" ci="0" mb="0" cb="0"/><line nr="383" mi="7" ci="0" mb="0" cb="0"/><line nr="384" mi="8" ci="0" mb="2" cb="0"/><line nr="385" mi="5" ci="0" mb="0" cb="0"/><line nr="387" mi="3" ci="0" mb="0" cb="0"/><line nr="388" mi="1" ci="0" mb="0" cb="0"/><line nr="397" mi="0" ci="4" mb="0" cb="2"/><line nr="398" mi="0" ci="7" mb="0" cb="0"/><line nr="399" mi="0" ci="1" mb="0" cb="0"/><line nr="405" mi="0" ci="6" mb="1" cb="3"/><line nr="406" mi="0" ci="7" mb="0" cb="0"/><line nr="407" mi="0" ci="1" mb="0" cb="0"/><line nr="415" mi="0" ci="14" mb="0" cb="0"/><line nr="437" mi="0" ci="5" mb="0" cb="0"/><line nr="441" mi="0" ci="3" mb="0" cb="0"/><line nr="442" mi="0" ci="4" mb="0" cb="0"/><line nr="443" mi="0" ci="2" mb="0" cb="0"/><line nr="445" mi="0" ci="6" mb="0" cb="2"/><line nr="446" mi="0" ci="7" mb="1" cb="1"/><line nr="447" mi="7" ci="0" mb="0" cb="0"/><line nr="452" mi="5" ci="4" mb="3" cb="1"/><line nr="453" mi="18" ci="0" mb="0" cb="0"/><line nr="454" mi="14" ci="0" mb="0" cb="0"/><line nr="456" mi="4" ci="4" mb="3" cb="1"/><line nr="458" mi="8" ci="8" mb="2" cb="2"/><line nr="459" mi="4" ci="4" mb="0" cb="0"/><line nr="460" mi="9" ci="9" mb="0" cb="0"/><line nr="461" mi="3" ci="3" mb="0" cb="0"/><line nr="462" mi="4" ci="3" mb="0" cb="0"/><line nr="465" mi="0" ci="2" mb="0" cb="0"/><counter type="INSTRUCTION" missed="165" covered="414"/><counter type="BRANCH" missed="21" covered="49"/><counter type="LINE" missed="21" covered="92"/><counter type="COMPLEXITY" missed="17" covered="42"/><counter type="METHOD" missed="3" covered="21"/><counter type="CLASS" missed="0" covered="1"/></sourcefile><counter type="INSTRUCTION" missed="165" covered="414"/><counter type="BRANCH" missed="21" covered="49"/><counter type="LINE" missed="21" covered="92"/><counter type="COMPLEXITY" missed="17" covered="42"/><counter type="METHOD" missed="3" covered="21"/><counter type="CLASS" missed="0" covered="1"/></package><counter type="INSTRUCTION" missed="165" covered="414"/><counter type="BRANCH" missed="21" covered="49"/><counter type="LINE" missed="21" covered="92"/><counter type="COMPLEXITY" missed="17" covered="42"/><counter type="METHOD" missed="3" covered="21"/><counter type="CLASS" missed="0" covered="1"/></report>